0 info it worked if it ends with ok
1 verbose cli [ '/usr/local/Cellar/node/6.3.0/bin/node',
1 verbose cli   '/usr/local/bin/npm',
1 verbose cli   'run',
1 verbose cli   'test' ]
2 info using npm@3.10.3
3 info using node@v6.3.0
4 verbose run-script [ 'pretest', 'test', 'posttest' ]
5 info lifecycle job-application-management@1.0.0~pretest: job-application-management@1.0.0
6 silly lifecycle job-application-management@1.0.0~pretest: no script for pretest, continuing
7 info lifecycle job-application-management@1.0.0~test: job-application-management@1.0.0
8 verbose lifecycle job-application-management@1.0.0~test: unsafe-perm in lifecycle true
9 verbose lifecycle job-application-management@1.0.0~test: PATH: /usr/local/lib/node_modules/npm/bin/node-gyp-bin:/Volumes/SAMSUNG/Software_Projects/JobApps/node_modules/.bin:/usr/local/Cellar/node/6.3.0/bin:/Library/Frameworks/Python.framework/Versions/2.7/bin:/usr/local/bin:/usr/bin:/bin:/usr/sbin:/sbin:/opt/apache-maven/bin:/Library/Frameworks/Python.framework/Versions/2.7/bin
10 verbose lifecycle job-application-management@1.0.0~test: CWD: /Volumes/SAMSUNG/Software_Projects/JobApps
11 silly lifecycle job-application-management@1.0.0~test: Args: [ '-c',
11 silly lifecycle   'NODE_ENV=test psql -f ./db/test/seed.sql && mocha ./spec' ]
12 silly lifecycle job-application-management@1.0.0~test: Returned: code: 1  signal: null
13 info lifecycle job-application-management@1.0.0~test: Failed to exec test script
14 verbose stack Error: job-application-management@1.0.0 test: `NODE_ENV=test psql -f ./db/test/seed.sql && mocha ./spec`
14 verbose stack Exit status 1
14 verbose stack     at EventEmitter.<anonymous> (/usr/local/lib/node_modules/npm/lib/utils/lifecycle.js:242:16)
14 verbose stack     at emitTwo (events.js:106:13)
14 verbose stack     at EventEmitter.emit (events.js:191:7)
14 verbose stack     at ChildProcess.<anonymous> (/usr/local/lib/node_modules/npm/lib/utils/spawn.js:40:14)
14 verbose stack     at emitTwo (events.js:106:13)
14 verbose stack     at ChildProcess.emit (events.js:191:7)
14 verbose stack     at maybeClose (internal/child_process.js:852:16)
14 verbose stack     at Process.ChildProcess._handle.onexit (internal/child_process.js:215:5)
15 verbose pkgid job-application-management@1.0.0
16 verbose cwd /Volumes/SAMSUNG/Software_Projects/JobApps
17 error Darwin 18.7.0
18 error argv "/usr/local/Cellar/node/6.3.0/bin/node" "/usr/local/bin/npm" "run" "test"
19 error node v6.3.0
20 error npm  v3.10.3
21 error code ELIFECYCLE
22 error job-application-management@1.0.0 test: `NODE_ENV=test psql -f ./db/test/seed.sql && mocha ./spec`
22 error Exit status 1
23 error Failed at the job-application-management@1.0.0 test script 'NODE_ENV=test psql -f ./db/test/seed.sql && mocha ./spec'.
23 error Make sure you have the latest version of node.js and npm installed.
23 error If you do, this is most likely a problem with the job-application-management package,
23 error not with npm itself.
23 error Tell the author that this fails on your system:
23 error     NODE_ENV=test psql -f ./db/test/seed.sql && mocha ./spec
23 error You can get information on how to open an issue for this project with:
23 error     npm bugs job-application-management
23 error Or if that isn't available, you can get their info via:
23 error     npm owner ls job-application-management
23 error There is likely additional logging output above.
24 verbose exit [ 1, true ]
